<?xml version="1.0" encoding="UTF-8"?>
<!-- Generated by org.testng.reporters.JUnitReportReporter -->
<testsuite hostname="LAPTOP-T0GNIEM2" failures="0" tests="2" name="mercuryTravels.qa.testcases.SeatBookingPageTest" time="107.045" errors="0" timestamp="27 Feb 2024 18:57:16 GMT" skipped="0">
  <testcase classname="mercuryTravels.qa.testcases.SeatBookingPageTest" name="validateSeatPricing" time="56.479"/>
  <testcase classname="mercuryTravels.qa.testcases.SeatBookingPageTest" name="clickOnFlights" time="50.566"/>
</testsuite> <!-- mercuryTravels.qa.testcases.SeatBookingPageTest -->
