<?xml version="1.0" encoding="UTF-8"?>
<!-- Generated by org.testng.reporters.JUnitReportReporter -->
<testsuite hostname="LAPTOP-T0GNIEM2" failures="0" tests="2" name="mercuryTravels.qa.testcases.FlightsAllFieldValidationPageTest" time="33.077" errors="0" timestamp="27 Feb 2024 18:57:16 GMT" skipped="0">
  <testcase classname="mercuryTravels.qa.testcases.FlightsAllFieldValidationPageTest" name="validateDifferentTypeOfSeat" time="22.700"/>
  <testcase classname="mercuryTravels.qa.testcases.FlightsAllFieldValidationPageTest" name="validateFlightField" time="10.377"/>
</testsuite> <!-- mercuryTravels.qa.testcases.FlightsAllFieldValidationPageTest -->
